{"C:\\Users\\arneg\\Desktop\\react-table4\\React-Table-App\\src\\App.tsx": {"path":"C:\\Users\\arneg\\Desktop\\react-table4\\React-Table-App\\src\\App.tsx","statementMap":{"0":{"start":{"line":1,"column":0},"end":{"line":1,"column":37}},"1":{"start":{"line":2,"column":0},"end":{"line":2,"column":66}},"2":{"start":{"line":3,"column":0},"end":{"line":3,"column":45}},"3":{"start":{"line":6,"column":2},"end":{"line":16,"column":null}},"4":{"start":{"line":19,"column":0},"end":{"line":19,"column":null}}},"fnMap":{"0":{"name":"App","decl":{"start":{"line":5,"column":9},"end":{"line":5,"column":12}},"loc":{"start":{"line":5,"column":12},"end":{"line":17,"column":1}}}},"branchMap":{},"s":{"0":0,"1":0,"2":0,"3":0,"4":0},"f":{"0":0},"b":{}}
,"C:\\Users\\arneg\\Desktop\\react-table4\\React-Table-App\\src\\main.tsx": {"path":"C:\\Users\\arneg\\Desktop\\react-table4\\React-Table-App\\src\\main.tsx","statementMap":{"0":{"start":{"line":1,"column":0},"end":{"line":1,"column":34}},"1":{"start":{"line":2,"column":0},"end":{"line":2,"column":45}},"2":{"start":{"line":3,"column":0},"end":{"line":3,"column":21}},"3":{"start":{"line":4,"column":0},"end":{"line":4,"column":27}},"4":{"start":{"line":6,"column":0},"end":{"line":6,"column":33}},"5":{"start":{"line":8,"column":0},"end":{"line":13,"column":3}},"6":{"start":{"line":15,"column":0},"end":{"line":19,"column":null}}},"fnMap":{},"branchMap":{},"s":{"0":0,"1":0,"2":0,"3":0,"4":0,"5":0,"6":0},"f":{},"b":{}}
,"C:\\Users\\arneg\\Desktop\\react-table4\\React-Table-App\\src\\components\\Form\\CreateRecordForm.tsx": {"path":"C:\\Users\\arneg\\Desktop\\react-table4\\React-Table-App\\src\\components\\Form\\CreateRecordForm.tsx","statementMap":{"0":{"start":{"line":1,"column":0},"end":{"line":1,"column":42}},"1":{"start":{"line":2,"column":0},"end":{"line":2,"column":54}},"2":{"start":{"line":3,"column":0},"end":{"line":3,"column":60}},"3":{"start":{"line":4,"column":0},"end":{"line":4,"column":56}},"4":{"start":{"line":6,"column":0},"end":{"line":6,"column":43}},"5":{"start":{"line":7,"column":0},"end":{"line":7,"column":51}},"6":{"start":{"line":9,"column":34},"end":{"line":18,"column":2}},"7":{"start":{"line":20,"column":25},"end":{"line":94,"column":2}},"8":{"start":{"line":21,"column":78},"end":{"line":25,"column":6}},"9":{"start":{"line":27,"column":21},"end":{"line":30,"column":5}},"10":{"start":{"line":28,"column":8},"end":{"line":28,"column":43}},"11":{"start":{"line":29,"column":8},"end":{"line":29,"column":16}},"12":{"start":{"line":32,"column":4},"end":{"line":93,"column":6}},"13":{"start":{"line":96,"column":0},"end":{"line":96,"column":32}}},"fnMap":{"0":{"name":"(anonymous_1)","decl":{"start":{"line":20,"column":34},"end":{"line":20,"column":37}},"loc":{"start":{"line":20,"column":39},"end":{"line":94,"column":1}}},"1":{"name":"(anonymous_2)","decl":{"start":{"line":27,"column":21},"end":{"line":27,"column":26}},"loc":{"start":{"line":27,"column":48},"end":{"line":30,"column":5}}}},"branchMap":{"0":{"loc":{"start":{"line":35,"column":13},"end":{"line":38,"column":null}},"type":"binary-expr","locations":[{"start":{"line":35,"column":13},"end":{"line":35,"column":34}},{"start":{"line":36,"column":16},"end":{"line":37,"column":null}}]},"1":{"loc":{"start":{"line":43,"column":80},"end":{"line":43,"column":126}},"type":"cond-expr","locations":[{"start":{"line":43,"column":98},"end":{"line":43,"column":121}},{"start":{"line":43,"column":124},"end":{"line":43,"column":126}}]},"2":{"loc":{"start":{"line":48,"column":82},"end":{"line":48,"column":130}},"type":"cond-expr","locations":[{"start":{"line":48,"column":102},"end":{"line":48,"column":125}},{"start":{"line":48,"column":128},"end":{"line":48,"column":130}}]},"3":{"loc":{"start":{"line":53,"column":80},"end":{"line":53,"column":126}},"type":"cond-expr","locations":[{"start":{"line":53,"column":98},"end":{"line":53,"column":121}},{"start":{"line":53,"column":124},"end":{"line":53,"column":126}}]},"4":{"loc":{"start":{"line":58,"column":77},"end":{"line":58,"column":120}},"type":"cond-expr","locations":[{"start":{"line":58,"column":92},"end":{"line":58,"column":115}},{"start":{"line":58,"column":118},"end":{"line":58,"column":120}}]},"5":{"loc":{"start":{"line":63,"column":77},"end":{"line":63,"column":120}},"type":"cond-expr","locations":[{"start":{"line":63,"column":92},"end":{"line":63,"column":115}},{"start":{"line":63,"column":118},"end":{"line":63,"column":120}}]},"6":{"loc":{"start":{"line":68,"column":80},"end":{"line":68,"column":124}},"type":"cond-expr","locations":[{"start":{"line":68,"column":96},"end":{"line":68,"column":119}},{"start":{"line":68,"column":122},"end":{"line":68,"column":124}}]},"7":{"loc":{"start":{"line":78,"column":92},"end":{"line":78,"column":138}},"type":"cond-expr","locations":[{"start":{"line":78,"column":110},"end":{"line":78,"column":133}},{"start":{"line":78,"column":136},"end":{"line":78,"column":138}}]},"8":{"loc":{"start":{"line":83,"column":86},"end":{"line":83,"column":138}},"type":"cond-expr","locations":[{"start":{"line":83,"column":110},"end":{"line":83,"column":133}},{"start":{"line":83,"column":136},"end":{"line":83,"column":138}}]},"9":{"loc":{"start":{"line":88,"column":92},"end":{"line":88,"column":125}},"type":"binary-expr","locations":[{"start":{"line":88,"column":92},"end":{"line":88,"column":100}},{"start":{"line":88,"column":104},"end":{"line":88,"column":125}}]},"10":{"loc":{"start":{"line":89,"column":21},"end":{"line":89,"column":73}},"type":"cond-expr","locations":[{"start":{"line":89,"column":45},"end":{"line":89,"column":60}},{"start":{"line":89,"column":63},"end":{"line":89,"column":73}}]}},"s":{"0":0,"1":0,"2":0,"3":0,"4":0,"5":0,"6":0,"7":0,"8":0,"9":0,"10":0,"11":0,"12":0,"13":0},"f":{"0":0,"1":0},"b":{"0":[0,0],"1":[0,0],"2":[0,0],"3":[0,0],"4":[0,0],"5":[0,0],"6":[0,0],"7":[0,0],"8":[0,0],"9":[0,0],"10":[0,0]}}
,"C:\\Users\\arneg\\Desktop\\react-table4\\React-Table-App\\src\\components\\Table\\Table.tsx": {"path":"C:\\Users\\arneg\\Desktop\\react-table4\\React-Table-App\\src\\components\\Table\\Table.tsx","statementMap":{"0":{"start":{"line":1,"column":0},"end":{"line":1,"column":55}},"1":{"start":{"line":2,"column":0},"end":{"line":2,"column":43}},"2":{"start":{"line":3,"column":0},"end":{"line":3,"column":56}},"3":{"start":{"line":4,"column":0},"end":{"line":4,"column":40}},"4":{"start":{"line":6,"column":20},"end":{"line":14,"column":1}},"5":{"start":{"line":7,"column":4},"end":{"line":13,"column":5}},"6":{"start":{"line":8,"column":24},"end":{"line":8,"column":51}},"7":{"start":{"line":9,"column":26},"end":{"line":9,"column":54}},"8":{"start":{"line":10,"column":27},"end":{"line":10,"column":57}},"9":{"start":{"line":11,"column":31},"end":{"line":11,"column":64}},"10":{"start":{"line":12,"column":17},"end":{"line":12,"column":27}},"11":{"start":{"line":16,"column":14},"end":{"line":96,"column":2}},"12":{"start":{"line":17,"column":19},"end":{"line":17,"column":54}},"13":{"start":{"line":19,"column":27},"end":{"line":24,"column":10}},"14":{"start":{"line":20,"column":23},"end":{"line":20,"column":33}},"15":{"start":{"line":21,"column":8},"end":{"line":23,"column":9}},"16":{"start":{"line":22,"column":12},"end":{"line":22,"column":37}},"17":{"start":{"line":26,"column":4},"end":{"line":29,"column":11}},"18":{"start":{"line":27,"column":8},"end":{"line":27,"column":29}},"19":{"start":{"line":28,"column":8},"end":{"line":28,"column":33}},"20":{"start":{"line":31,"column":4},"end":{"line":42,"column":25}},"21":{"start":{"line":32,"column":23},"end":{"line":36,"column":10}},"22":{"start":{"line":37,"column":25},"end":{"line":37,"column":73}},"23":{"start":{"line":38,"column":8},"end":{"line":38,"column":61}},"24":{"start":{"line":38,"column":28},"end":{"line":38,"column":61}},"25":{"start":{"line":39,"column":8},"end":{"line":41,"column":10}},"26":{"start":{"line":40,"column":12},"end":{"line":40,"column":67}},"27":{"start":{"line":40,"column":32},"end":{"line":40,"column":67}},"28":{"start":{"line":44,"column":4},"end":{"line":95,"column":6}},"29":{"start":{"line":63,"column":28},"end":{"line":75,"column":null}},"30":{"start":{"line":98,"column":0},"end":{"line":98,"column":21}}},"fnMap":{"0":{"name":"(anonymous_1)","decl":{"start":{"line":6,"column":20},"end":{"line":6,"column":21}},"loc":{"start":{"line":6,"column":39},"end":{"line":14,"column":1}}},"1":{"name":"(anonymous_2)","decl":{"start":{"line":16,"column":23},"end":{"line":16,"column":26}},"loc":{"start":{"line":16,"column":28},"end":{"line":96,"column":1}}},"2":{"name":"(anonymous_3)","decl":{"start":{"line":19,"column":39},"end":{"line":19,"column":40}},"loc":{"start":{"line":19,"column":80},"end":{"line":24,"column":5}}},"3":{"name":"(anonymous_4)","decl":{"start":{"line":26,"column":14},"end":{"line":26,"column":17}},"loc":{"start":{"line":26,"column":19},"end":{"line":29,"column":5}}},"4":{"name":"(anonymous_5)","decl":{"start":{"line":31,"column":14},"end":{"line":31,"column":17}},"loc":{"start":{"line":31,"column":19},"end":{"line":42,"column":5}}},"5":{"name":"(anonymous_6)","decl":{"start":{"line":39,"column":15},"end":{"line":39,"column":18}},"loc":{"start":{"line":39,"column":20},"end":{"line":41,"column":9}}},"6":{"name":"(anonymous_7)","decl":{"start":{"line":62,"column":50},"end":{"line":62,"column":56}},"loc":{"start":{"line":63,"column":28},"end":{"line":75,"column":null}}}},"branchMap":{"0":{"loc":{"start":{"line":7,"column":4},"end":{"line":13,"column":5}},"type":"switch","locations":[{"start":{"line":8,"column":8},"end":{"line":8,"column":51}},{"start":{"line":9,"column":8},"end":{"line":9,"column":54}},{"start":{"line":10,"column":8},"end":{"line":10,"column":57}},{"start":{"line":11,"column":8},"end":{"line":11,"column":64}},{"start":{"line":12,"column":8},"end":{"line":12,"column":27}}]},"1":{"loc":{"start":{"line":21,"column":8},"end":{"line":23,"column":9}},"type":"if","locations":[{"start":{"line":21,"column":8},"end":{"line":23,"column":9}}]},"2":{"loc":{"start":{"line":21,"column":12},"end":{"line":21,"column":84}},"type":"binary-expr","locations":[{"start":{"line":21,"column":12},"end":{"line":21,"column":33}},{"start":{"line":21,"column":37},"end":{"line":21,"column":57}},{"start":{"line":21,"column":61},"end":{"line":21,"column":84}}]},"3":{"loc":{"start":{"line":38,"column":8},"end":{"line":38,"column":61}},"type":"if","locations":[{"start":{"line":38,"column":8},"end":{"line":38,"column":61}}]},"4":{"loc":{"start":{"line":40,"column":12},"end":{"line":40,"column":67}},"type":"if","locations":[{"start":{"line":40,"column":12},"end":{"line":40,"column":67}}]},"5":{"loc":{"start":{"line":81,"column":13},"end":{"line":85,"column":null}},"type":"binary-expr","locations":[{"start":{"line":81,"column":13},"end":{"line":81,"column":35}},{"start":{"line":82,"column":16},"end":{"line":84,"column":null}}]},"6":{"loc":{"start":{"line":88,"column":13},"end":{"line":89,"column":null}},"type":"binary-expr","locations":[{"start":{"line":88,"column":13},"end":{"line":88,"column":34}},{"start":{"line":89,"column":16},"end":{"line":89,"column":80}}]},"7":{"loc":{"start":{"line":91,"column":13},"end":{"line":92,"column":null}},"type":"binary-expr","locations":[{"start":{"line":91,"column":13},"end":{"line":91,"column":31}},{"start":{"line":92,"column":16},"end":{"line":92,"column":79}}]}},"s":{"0":0,"1":0,"2":0,"3":0,"4":0,"5":0,"6":0,"7":0,"8":0,"9":0,"10":0,"11":0,"12":0,"13":0,"14":0,"15":0,"16":0,"17":0,"18":0,"19":0,"20":0,"21":0,"22":0,"23":0,"24":0,"25":0,"26":0,"27":0,"28":0,"29":0,"30":0},"f":{"0":0,"1":0,"2":0,"3":0,"4":0,"5":0,"6":0},"b":{"0":[0,0,0,0,0],"1":[0],"2":[0,0,0],"3":[0],"4":[0],"5":[0,0],"6":[0,0],"7":[0,0]}}
,"C:\\Users\\arneg\\Desktop\\react-table4\\React-Table-App\\src\\services\\api.ts": {"path":"C:\\Users\\arneg\\Desktop\\react-table4\\React-Table-App\\src\\services\\api.ts","statementMap":{"0":{"start":{"line":1,"column":0},"end":{"line":1,"column":26}},"1":{"start":{"line":4,"column":16},"end":{"line":4,"column":47}},"2":{"start":{"line":6,"column":28},"end":{"line":9,"column":1}},"3":{"start":{"line":7,"column":21},"end":{"line":7,"column":92}},"4":{"start":{"line":8,"column":4},"end":{"line":8,"column":25}},"5":{"start":{"line":6,"column":13},"end":{"line":6,"column":28}},"6":{"start":{"line":11,"column":25},"end":{"line":14,"column":1}},"7":{"start":{"line":12,"column":21},"end":{"line":12,"column":62}},"8":{"start":{"line":13,"column":4},"end":{"line":13,"column":25}},"9":{"start":{"line":11,"column":13},"end":{"line":11,"column":25}}},"fnMap":{"0":{"name":"(anonymous_1)","decl":{"start":{"line":6,"column":28},"end":{"line":6,"column":33}},"loc":{"start":{"line":6,"column":78},"end":{"line":9,"column":1}}},"1":{"name":"(anonymous_2)","decl":{"start":{"line":11,"column":25},"end":{"line":11,"column":30}},"loc":{"start":{"line":11,"column":79},"end":{"line":14,"column":1}}}},"branchMap":{"0":{"loc":{"start":{"line":6,"column":35},"end":{"line":6,"column":44}},"type":"default-arg","locations":[{"start":{"line":6,"column":43},"end":{"line":6,"column":44}}]},"1":{"loc":{"start":{"line":6,"column":46},"end":{"line":6,"column":55}},"type":"default-arg","locations":[{"start":{"line":6,"column":54},"end":{"line":6,"column":55}}]}},"s":{"0":2,"1":2,"2":2,"3":4,"4":2,"5":2,"6":2,"7":3,"8":1,"9":2},"f":{"0":4,"1":3},"b":{"0":[1],"1":[1]}}
,"C:\\Users\\arneg\\Desktop\\react-table4\\React-Table-App\\src\\store\\RecordsStore.ts": {"path":"C:\\Users\\arneg\\Desktop\\react-table4\\React-Table-App\\src\\store\\RecordsStore.ts","statementMap":{"0":{"start":{"line":1,"column":0},"end":{"line":1,"column":55}},"1":{"start":{"line":3,"column":0},"end":{"line":3,"column":39}},"2":{"start":{"line":6,"column":4},"end":{"line":6,"column":null}},"3":{"start":{"line":7,"column":4},"end":{"line":7,"column":null}},"4":{"start":{"line":8,"column":4},"end":{"line":8,"column":null}},"5":{"start":{"line":9,"column":4},"end":{"line":9,"column":null}},"6":{"start":{"line":10,"column":4},"end":{"line":10,"column":null}},"7":{"start":{"line":11,"column":4},"end":{"line":11,"column":null}},"8":{"start":{"line":12,"column":4},"end":{"line":12,"column":null}},"9":{"start":{"line":15,"column":8},"end":{"line":15,"column":33}},"10":{"start":{"line":19,"column":8},"end":{"line":19,"column":52}},"11":{"start":{"line":19,"column":45},"end":{"line":19,"column":52}},"12":{"start":{"line":20,"column":8},"end":{"line":20,"column":30}},"13":{"start":{"line":21,"column":8},"end":{"line":36,"column":9}},"14":{"start":{"line":22,"column":31},"end":{"line":22,"column":89}},"15":{"start":{"line":23,"column":12},"end":{"line":27,"column":15}},"16":{"start":{"line":24,"column":16},"end":{"line":24,"column":64}},"17":{"start":{"line":25,"column":16},"end":{"line":25,"column":64}},"18":{"start":{"line":26,"column":16},"end":{"line":26,"column":31}},"19":{"start":{"line":29,"column":12},"end":{"line":31,"column":15}},"20":{"start":{"line":30,"column":16},"end":{"line":30,"column":60}},"21":{"start":{"line":33,"column":12},"end":{"line":35,"column":15}},"22":{"start":{"line":34,"column":16},"end":{"line":34,"column":39}},"23":{"start":{"line":40,"column":8},"end":{"line":40,"column":29}},"24":{"start":{"line":41,"column":8},"end":{"line":54,"column":9}},"25":{"start":{"line":42,"column":30},"end":{"line":42,"column":57}},"26":{"start":{"line":43,"column":12},"end":{"line":45,"column":15}},"27":{"start":{"line":44,"column":16},"end":{"line":44,"column":60}},"28":{"start":{"line":47,"column":12},"end":{"line":49,"column":15}},"29":{"start":{"line":48,"column":16},"end":{"line":48,"column":62}},"30":{"start":{"line":51,"column":12},"end":{"line":53,"column":15}},"31":{"start":{"line":52,"column":16},"end":{"line":52,"column":38}},"32":{"start":{"line":58,"column":8},"end":{"line":58,"column":26}},"33":{"start":{"line":59,"column":8},"end":{"line":59,"column":22}},"34":{"start":{"line":60,"column":8},"end":{"line":60,"column":28}},"35":{"start":{"line":61,"column":8},"end":{"line":61,"column":26}},"36":{"start":{"line":65,"column":13},"end":{"line":65,"column":47}}},"fnMap":{"0":{"name":"(anonymous_9)","decl":{"start":{"line":14,"column":4},"end":{"line":14,"column":null}},"loc":{"start":{"line":14,"column":4},"end":{"line":16,"column":5}}},"1":{"name":"(anonymous_10)","decl":{"start":{"line":18,"column":4},"end":{"line":18,"column":9}},"loc":{"start":{"line":18,"column":19},"end":{"line":37,"column":5}}},"2":{"name":"(anonymous_11)","decl":{"start":{"line":23,"column":24},"end":{"line":23,"column":27}},"loc":{"start":{"line":23,"column":29},"end":{"line":27,"column":13}}},"3":{"name":"(anonymous_12)","decl":{"start":{"line":29,"column":24},"end":{"line":29,"column":27}},"loc":{"start":{"line":29,"column":29},"end":{"line":31,"column":13}}},"4":{"name":"(anonymous_13)","decl":{"start":{"line":33,"column":24},"end":{"line":33,"column":27}},"loc":{"start":{"line":33,"column":29},"end":{"line":35,"column":13}}},"5":{"name":"(anonymous_14)","decl":{"start":{"line":39,"column":4},"end":{"line":39,"column":9}},"loc":{"start":{"line":39,"column":46},"end":{"line":55,"column":5}}},"6":{"name":"(anonymous_15)","decl":{"start":{"line":43,"column":24},"end":{"line":43,"column":27}},"loc":{"start":{"line":43,"column":29},"end":{"line":45,"column":13}}},"7":{"name":"(anonymous_16)","decl":{"start":{"line":47,"column":24},"end":{"line":47,"column":27}},"loc":{"start":{"line":47,"column":29},"end":{"line":49,"column":13}}},"8":{"name":"(anonymous_17)","decl":{"start":{"line":51,"column":24},"end":{"line":51,"column":27}},"loc":{"start":{"line":51,"column":29},"end":{"line":53,"column":13}}},"9":{"name":"(anonymous_18)","decl":{"start":{"line":57,"column":4},"end":{"line":57,"column":9}},"loc":{"start":{"line":57,"column":9},"end":{"line":62,"column":5}}}},"branchMap":{"0":{"loc":{"start":{"line":19,"column":8},"end":{"line":19,"column":52}},"type":"if","locations":[{"start":{"line":19,"column":8},"end":{"line":19,"column":52}}]},"1":{"loc":{"start":{"line":19,"column":12},"end":{"line":19,"column":43}},"type":"binary-expr","locations":[{"start":{"line":19,"column":12},"end":{"line":19,"column":26}},{"start":{"line":19,"column":30},"end":{"line":19,"column":43}}]},"2":{"loc":{"start":{"line":30,"column":29},"end":{"line":30,"column":59}},"type":"binary-expr","locations":[{"start":{"line":30,"column":29},"end":{"line":30,"column":38}},{"start":{"line":30,"column":42},"end":{"line":30,"column":59}}]},"3":{"loc":{"start":{"line":48,"column":29},"end":{"line":48,"column":61}},"type":"binary-expr","locations":[{"start":{"line":48,"column":29},"end":{"line":48,"column":38}},{"start":{"line":48,"column":42},"end":{"line":48,"column":61}}]}},"s":{"0":1,"1":1,"2":1,"3":1,"4":1,"5":1,"6":1,"7":1,"8":1,"9":1,"10":6,"11":2,"12":4,"13":4,"14":4,"15":3,"16":3,"17":3,"18":3,"19":1,"20":1,"21":4,"22":4,"23":2,"24":2,"25":2,"26":1,"27":1,"28":1,"29":1,"30":2,"31":2,"32":7,"33":7,"34":7,"35":7,"36":1},"f":{"0":1,"1":6,"2":3,"3":1,"4":4,"5":2,"6":1,"7":1,"8":2,"9":7},"b":{"0":[2],"1":[6,5],"2":[1,0],"3":[1,0]}}
,"C:\\Users\\arneg\\Desktop\\react-table4\\React-Table-App\\src\\utils\\validationSchema.ts": {"path":"C:\\Users\\arneg\\Desktop\\react-table4\\React-Table-App\\src\\utils\\validationSchema.ts","statementMap":{"0":{"start":{"line":1,"column":0},"end":{"line":1,"column":24}},"1":{"start":{"line":3,"column":19},"end":{"line":4,"column":null}},"2":{"start":{"line":7,"column":13},"end":{"line":20,"column":3}},"3":{"start":{"line":14,"column":25},"end":{"line":14,"column":65}},"4":{"start":{"line":16,"column":50},"end":{"line":16,"column":81}}},"fnMap":{"0":{"name":"(anonymous_0)","decl":{"start":{"line":14,"column":18},"end":{"line":14,"column":21}},"loc":{"start":{"line":14,"column":25},"end":{"line":14,"column":65}}},"1":{"name":"(anonymous_1)","decl":{"start":{"line":16,"column":43},"end":{"line":16,"column":46}},"loc":{"start":{"line":16,"column":50},"end":{"line":16,"column":81}}}},"branchMap":{"0":{"loc":{"start":{"line":16,"column":50},"end":{"line":16,"column":81}},"type":"binary-expr","locations":[{"start":{"line":16,"column":50},"end":{"line":16,"column":54}},{"start":{"line":16,"column":58},"end":{"line":16,"column":81}}]}},"s":{"0":0,"1":0,"2":0,"3":0,"4":0},"f":{"0":0,"1":0},"b":{"0":[0,0]}}
}
