TN:
SF:src\App.tsx
FN:5,App
FNF:1
FNH:0
FNDA:0,App
DA:1,0
DA:2,0
DA:3,0
DA:6,0
DA:19,0
LF:5
LH:0
BRF:0
BRH:0
end_of_record
TN:
SF:src\main.tsx
FNF:0
FNH:0
DA:1,0
DA:2,0
DA:3,0
DA:4,0
DA:6,0
DA:8,0
DA:15,0
LF:7
LH:0
BRF:0
BRH:0
end_of_record
TN:
SF:src\components\Form\CreateRecordForm.tsx
FN:20,(anonymous_1)
FN:27,(anonymous_2)
FNF:2
FNH:0
FNDA:0,(anonymous_1)
FNDA:0,(anonymous_2)
DA:1,0
DA:2,0
DA:3,0
DA:4,0
DA:6,0
DA:7,0
DA:9,0
DA:20,0
DA:21,0
DA:27,0
DA:28,0
DA:29,0
DA:32,0
DA:96,0
LF:14
LH:0
BRDA:35,0,0,0
BRDA:35,0,1,0
BRDA:43,1,0,0
BRDA:43,1,1,0
BRDA:48,2,0,0
BRDA:48,2,1,0
BRDA:53,3,0,0
BRDA:53,3,1,0
BRDA:58,4,0,0
BRDA:58,4,1,0
BRDA:63,5,0,0
BRDA:63,5,1,0
BRDA:68,6,0,0
BRDA:68,6,1,0
BRDA:78,7,0,0
BRDA:78,7,1,0
BRDA:83,8,0,0
BRDA:83,8,1,0
BRDA:88,9,0,0
BRDA:88,9,1,0
BRDA:89,10,0,0
BRDA:89,10,1,0
BRF:22
BRH:0
end_of_record
TN:
SF:src\components\Table\Table.tsx
FN:6,(anonymous_1)
FN:16,(anonymous_2)
FN:19,(anonymous_3)
FN:26,(anonymous_4)
FN:31,(anonymous_5)
FN:39,(anonymous_6)
FN:62,(anonymous_7)
FNF:7
FNH:0
FNDA:0,(anonymous_1)
FNDA:0,(anonymous_2)
FNDA:0,(anonymous_3)
FNDA:0,(anonymous_4)
FNDA:0,(anonymous_5)
FNDA:0,(anonymous_6)
FNDA:0,(anonymous_7)
DA:1,0
DA:2,0
DA:3,0
DA:4,0
DA:6,0
DA:7,0
DA:8,0
DA:9,0
DA:10,0
DA:11,0
DA:12,0
DA:16,0
DA:17,0
DA:19,0
DA:20,0
DA:21,0
DA:22,0
DA:26,0
DA:27,0
DA:28,0
DA:31,0
DA:32,0
DA:37,0
DA:38,0
DA:39,0
DA:40,0
DA:44,0
DA:63,0
DA:98,0
LF:29
LH:0
BRDA:7,0,0,0
BRDA:7,0,1,0
BRDA:7,0,2,0
BRDA:7,0,3,0
BRDA:7,0,4,0
BRDA:21,1,0,0
BRDA:21,2,0,0
BRDA:21,2,1,0
BRDA:21,2,2,0
BRDA:38,3,0,0
BRDA:40,4,0,0
BRDA:81,5,0,0
BRDA:81,5,1,0
BRDA:88,6,0,0
BRDA:88,6,1,0
BRDA:91,7,0,0
BRDA:91,7,1,0
BRF:17
BRH:0
end_of_record
TN:
SF:src\services\api.ts
FN:6,(anonymous_1)
FN:11,(anonymous_2)
FNF:2
FNH:2
FNDA:4,(anonymous_1)
FNDA:3,(anonymous_2)
DA:1,2
DA:4,2
DA:6,2
DA:7,4
DA:8,2
DA:11,2
DA:12,3
DA:13,1
LF:8
LH:8
BRDA:6,0,0,1
BRDA:6,1,0,1
BRF:2
BRH:2
end_of_record
TN:
SF:src\store\RecordsStore.ts
FN:14,(anonymous_9)
FN:18,(anonymous_10)
FN:23,(anonymous_11)
FN:29,(anonymous_12)
FN:33,(anonymous_13)
FN:39,(anonymous_14)
FN:43,(anonymous_15)
FN:47,(anonymous_16)
FN:51,(anonymous_17)
FN:57,(anonymous_18)
FNF:10
FNH:10
FNDA:1,(anonymous_9)
FNDA:6,(anonymous_10)
FNDA:3,(anonymous_11)
FNDA:1,(anonymous_12)
FNDA:4,(anonymous_13)
FNDA:2,(anonymous_14)
FNDA:1,(anonymous_15)
FNDA:1,(anonymous_16)
FNDA:2,(anonymous_17)
FNDA:7,(anonymous_18)
DA:1,1
DA:3,1
DA:6,1
DA:7,1
DA:8,1
DA:9,1
DA:10,1
DA:11,1
DA:12,1
DA:15,1
DA:19,6
DA:20,4
DA:21,4
DA:22,4
DA:23,3
DA:24,3
DA:25,3
DA:26,3
DA:29,1
DA:30,1
DA:33,4
DA:34,4
DA:40,2
DA:41,2
DA:42,2
DA:43,1
DA:44,1
DA:47,1
DA:48,1
DA:51,2
DA:52,2
DA:58,7
DA:59,7
DA:60,7
DA:61,7
DA:65,1
LF:36
LH:36
BRDA:19,0,0,2
BRDA:19,1,0,6
BRDA:19,1,1,5
BRDA:30,2,0,1
BRDA:30,2,1,0
BRDA:48,3,0,1
BRDA:48,3,1,0
BRF:7
BRH:5
end_of_record
TN:
SF:src\utils\validationSchema.ts
FN:14,(anonymous_0)
FN:16,(anonymous_1)
FNF:2
FNH:0
FNDA:0,(anonymous_0)
FNDA:0,(anonymous_1)
DA:1,0
DA:3,0
DA:7,0
DA:14,0
DA:16,0
LF:5
LH:0
BRDA:16,0,0,0
BRDA:16,0,1,0
BRF:2
BRH:0
end_of_record
